Build started 9/17/2013 3:46:58 PM.
     1>Project "C:\Users\Nitesh Singhal\Documents\Visual Studio 2010\Projects\Block_Sphere\Block_Sphere\Q1\Q1.vcxproj" on node 2 (build target(s)).
     1>InitializeBuildStatus:
         Touching "Debug\Q1.unsuccessfulbuild".
       ClCompile:
         C:\Program Files (x86)\Microsoft Visual Studio 10.0\VC\bin\CL.exe /c /ZI /nologo /W3 /WX- /Od /Oy- /D WIN32 /D _DEBUG /D _CONSOLE /D _UNICODE /D UNICODE /Gm /EHsc /RTC1 /MDd /GS /fp:precise /Zc:wchar_t /Zc:forScope /Fo"Debug\\" /Fd"Debug\vc100.pdb" /Gd /TP /analyze- /errorReport:prompt Q1.cpp
         Q1.cpp
     1>c:\users\nitesh singhal\documents\visual studio 2010\projects\block_sphere\block_sphere\q1\q1.cpp(219): warning C4996: 'scanf': This function or variable may be unsafe. Consider using scanf_s instead. To disable deprecation, use _CRT_SECURE_NO_WARNINGS. See online help for details.
                 c:\program files (x86)\microsoft visual studio 10.0\vc\include\stdio.h(304) : see declaration of 'scanf'
     1>c:\users\nitesh singhal\documents\visual studio 2010\projects\block_sphere\block_sphere\q1\q1.cpp(221): warning C4996: 'scanf': This function or variable may be unsafe. Consider using scanf_s instead. To disable deprecation, use _CRT_SECURE_NO_WARNINGS. See online help for details.
                 c:\program files (x86)\microsoft visual studio 10.0\vc\include\stdio.h(304) : see declaration of 'scanf'
     1>c:\users\nitesh singhal\documents\visual studio 2010\projects\block_sphere\block_sphere\q1\q1.cpp(223): warning C4996: 'scanf': This function or variable may be unsafe. Consider using scanf_s instead. To disable deprecation, use _CRT_SECURE_NO_WARNINGS. See online help for details.
                 c:\program files (x86)\microsoft visual studio 10.0\vc\include\stdio.h(304) : see declaration of 'scanf'
       ManifestResourceCompile:
         C:\Program Files (x86)\Microsoft SDKs\Windows\v7.0A\bin\rc.exe /nologo /fo"Debug\Q1.exe.embed.manifest.res" Debug\Q1_manifest.rc 
       Link:
         C:\Program Files (x86)\Microsoft Visual Studio 10.0\VC\bin\link.exe /ERRORREPORT:PROMPT /OUT:"C:\Users\Nitesh Singhal\Documents\Visual Studio 2010\Projects\Block_Sphere\Block_Sphere\Debug\Q1.exe" /INCREMENTAL /NOLOGO kernel32.lib user32.lib gdi32.lib winspool.lib comdlg32.lib advapi32.lib shell32.lib ole32.lib oleaut32.lib uuid.lib odbc32.lib odbccp32.lib /MANIFEST /ManifestFile:"Debug\Q1.exe.intermediate.manifest" /MANIFESTUAC:"level='asInvoker' uiAccess='false'" /DEBUG /PDB:"C:\Users\Nitesh Singhal\Documents\Visual Studio 2010\Projects\Block_Sphere\Block_Sphere\Debug\Q1.pdb" /SUBSYSTEM:CONSOLE /TLBID:1 /DYNAMICBASE /NXCOMPAT /IMPLIB:"C:\Users\Nitesh Singhal\Documents\Visual Studio 2010\Projects\Block_Sphere\Block_Sphere\Debug\Q1.lib" /MACHINE:X86 Debug\Q1.exe.embed.manifest.res
         Debug\Q1.obj
       Manifest:
         C:\Program Files (x86)\Microsoft SDKs\Windows\v7.0A\bin\mt.exe /nologo /verbose /out:"Debug\Q1.exe.embed.manifest" /manifest Debug\Q1.exe.intermediate.manifest
         C:\Program Files (x86)\Microsoft SDKs\Windows\v7.0A\bin\rc.exe /nologo /fo"Debug\Q1.exe.embed.manifest.res" Debug\Q1_manifest.rc 
       LinkEmbedManifest:
         C:\Program Files (x86)\Microsoft Visual Studio 10.0\VC\bin\link.exe /ERRORREPORT:PROMPT /OUT:"C:\Users\Nitesh Singhal\Documents\Visual Studio 2010\Projects\Block_Sphere\Block_Sphere\Debug\Q1.exe" /INCREMENTAL /NOLOGO kernel32.lib user32.lib gdi32.lib winspool.lib comdlg32.lib advapi32.lib shell32.lib ole32.lib oleaut32.lib uuid.lib odbc32.lib odbccp32.lib /MANIFEST /ManifestFile:"Debug\Q1.exe.intermediate.manifest" /MANIFESTUAC:"level='asInvoker' uiAccess='false'" /DEBUG /PDB:"C:\Users\Nitesh Singhal\Documents\Visual Studio 2010\Projects\Block_Sphere\Block_Sphere\Debug\Q1.pdb" /SUBSYSTEM:CONSOLE /TLBID:1 /DYNAMICBASE /NXCOMPAT /IMPLIB:"C:\Users\Nitesh Singhal\Documents\Visual Studio 2010\Projects\Block_Sphere\Block_Sphere\Debug\Q1.lib" /MACHINE:X86 Debug\Q1.exe.embed.manifest.res
         Debug\Q1.obj
         Q1.vcxproj -> C:\Users\Nitesh Singhal\Documents\Visual Studio 2010\Projects\Block_Sphere\Block_Sphere\Debug\Q1.exe
       FinalizeBuildStatus:
         Deleting file "Debug\Q1.unsuccessfulbuild".
         Touching "Debug\Q1.lastbuildstate".
     1>Done Building Project "C:\Users\Nitesh Singhal\Documents\Visual Studio 2010\Projects\Block_Sphere\Block_Sphere\Q1\Q1.vcxproj" (build target(s)).

Build succeeded.

Time Elapsed 00:00:00.78
