C:\USERS\NITESH SINGHAL\DOCUMENTS\VISUAL STUDIO 2010\PROJECTS\BLOCK_SPHERE\BLOCK_SPHERE\DEBUG\Q3.EXE
C:\USERS\NITESH SINGHAL\DOCUMENTS\VISUAL STUDIO 2010\PROJECTS\BLOCK_SPHERE\BLOCK_SPHERE\DEBUG\Q3.ILK
C:\USERS\NITESH SINGHAL\DOCUMENTS\VISUAL STUDIO 2010\PROJECTS\BLOCK_SPHERE\BLOCK_SPHERE\DEBUG\Q3.PDB
C:\Users\Nitesh Singhal\Documents\Visual Studio 2010\Projects\Block_Sphere\Block_Sphere\Q3\Debug\cl.command.1.tlog
C:\Users\Nitesh Singhal\Documents\Visual Studio 2010\Projects\Block_Sphere\Block_Sphere\Q3\Debug\CL.read.1.tlog
C:\Users\Nitesh Singhal\Documents\Visual Studio 2010\Projects\Block_Sphere\Block_Sphere\Q3\Debug\CL.write.1.tlog
C:\Users\Nitesh Singhal\Documents\Visual Studio 2010\Projects\Block_Sphere\Block_Sphere\Q3\Debug\link.4364.read.1.tlog
C:\Users\Nitesh Singhal\Documents\Visual Studio 2010\Projects\Block_Sphere\Block_Sphere\Q3\Debug\link.4364.write.1.tlog
C:\Users\Nitesh Singhal\Documents\Visual Studio 2010\Projects\Block_Sphere\Block_Sphere\Q3\Debug\link.4364-cvtres.read.1.tlog
C:\Users\Nitesh Singhal\Documents\Visual Studio 2010\Projects\Block_Sphere\Block_Sphere\Q3\Debug\link.4364-cvtres.write.1.tlog
C:\Users\Nitesh Singhal\Documents\Visual Studio 2010\Projects\Block_Sphere\Block_Sphere\Q3\Debug\link.command.1.tlog
C:\Users\Nitesh Singhal\Documents\Visual Studio 2010\Projects\Block_Sphere\Block_Sphere\Q3\Debug\link.read.1.tlog
C:\Users\Nitesh Singhal\Documents\Visual Studio 2010\Projects\Block_Sphere\Block_Sphere\Q3\Debug\link.write.1.tlog
C:\Users\Nitesh Singhal\Documents\Visual Studio 2010\Projects\Block_Sphere\Block_Sphere\Q3\Debug\link-cvtres.read.1.tlog
C:\Users\Nitesh Singhal\Documents\Visual Studio 2010\Projects\Block_Sphere\Block_Sphere\Q3\Debug\link-cvtres.write.1.tlog
C:\Users\Nitesh Singhal\Documents\Visual Studio 2010\Projects\Block_Sphere\Block_Sphere\Q3\Debug\mt.command.1.tlog
C:\Users\Nitesh Singhal\Documents\Visual Studio 2010\Projects\Block_Sphere\Block_Sphere\Q3\Debug\mt.read.1.tlog
C:\Users\Nitesh Singhal\Documents\Visual Studio 2010\Projects\Block_Sphere\Block_Sphere\Q3\Debug\mt.write.1.tlog
C:\USERS\NITESH SINGHAL\DOCUMENTS\VISUAL STUDIO 2010\PROJECTS\BLOCK_SPHERE\BLOCK_SPHERE\Q3\DEBUG\Q3.EXE.EMBED.MANIFEST
C:\USERS\NITESH SINGHAL\DOCUMENTS\VISUAL STUDIO 2010\PROJECTS\BLOCK_SPHERE\BLOCK_SPHERE\Q3\DEBUG\Q3.EXE.EMBED.MANIFEST.RES
C:\USERS\NITESH SINGHAL\DOCUMENTS\VISUAL STUDIO 2010\PROJECTS\BLOCK_SPHERE\BLOCK_SPHERE\Q3\DEBUG\Q3.EXE.INTERMEDIATE.MANIFEST
C:\USERS\NITESH SINGHAL\DOCUMENTS\VISUAL STUDIO 2010\PROJECTS\BLOCK_SPHERE\BLOCK_SPHERE\Q3\DEBUG\Q3.OBJ
C:\Users\Nitesh Singhal\Documents\Visual Studio 2010\Projects\Block_Sphere\Block_Sphere\Q3\Debug\Q3.vcxprojResolveAssemblyReference.cache
C:\Users\Nitesh Singhal\Documents\Visual Studio 2010\Projects\Block_Sphere\Block_Sphere\Q3\Debug\Q3.write.1.tlog
C:\Users\Nitesh Singhal\Documents\Visual Studio 2010\Projects\Block_Sphere\Block_Sphere\Q3\Debug\Q3_manifest.rc
C:\Users\Nitesh Singhal\Documents\Visual Studio 2010\Projects\Block_Sphere\Block_Sphere\Q3\Debug\rc.command.1.tlog
C:\Users\Nitesh Singhal\Documents\Visual Studio 2010\Projects\Block_Sphere\Block_Sphere\Q3\Debug\rc.read.1.tlog
C:\Users\Nitesh Singhal\Documents\Visual Studio 2010\Projects\Block_Sphere\Block_Sphere\Q3\Debug\rc.write.1.tlog
C:\Users\Nitesh Singhal\Documents\Visual Studio 2010\Projects\Block_Sphere\Block_Sphere\Q3\Debug\vc100.idb
C:\USERS\NITESH SINGHAL\DOCUMENTS\VISUAL STUDIO 2010\PROJECTS\BLOCK_SPHERE\BLOCK_SPHERE\Q3\DEBUG\VC100.PDB
