C:\USERS\NITESH SINGHAL\DOCUMENTS\VISUAL STUDIO 2010\PROJECTS\BLOCK_SPHERE\BLOCK_SPHERE\DEBUG\Q5.EXE
C:\USERS\NITESH SINGHAL\DOCUMENTS\VISUAL STUDIO 2010\PROJECTS\BLOCK_SPHERE\BLOCK_SPHERE\DEBUG\Q5.ILK
C:\USERS\NITESH SINGHAL\DOCUMENTS\VISUAL STUDIO 2010\PROJECTS\BLOCK_SPHERE\BLOCK_SPHERE\DEBUG\Q5.PDB
C:\Users\Nitesh Singhal\Documents\Visual Studio 2010\Projects\Block_Sphere\Block_Sphere\Q5\Debug\cl.command.1.tlog
C:\Users\Nitesh Singhal\Documents\Visual Studio 2010\Projects\Block_Sphere\Block_Sphere\Q5\Debug\CL.read.1.tlog
C:\Users\Nitesh Singhal\Documents\Visual Studio 2010\Projects\Block_Sphere\Block_Sphere\Q5\Debug\CL.write.1.tlog
C:\Users\Nitesh Singhal\Documents\Visual Studio 2010\Projects\Block_Sphere\Block_Sphere\Q5\Debug\link.6852.read.1.tlog
C:\Users\Nitesh Singhal\Documents\Visual Studio 2010\Projects\Block_Sphere\Block_Sphere\Q5\Debug\link.6852.write.1.tlog
C:\Users\Nitesh Singhal\Documents\Visual Studio 2010\Projects\Block_Sphere\Block_Sphere\Q5\Debug\link.6852-cvtres.read.1.tlog
C:\Users\Nitesh Singhal\Documents\Visual Studio 2010\Projects\Block_Sphere\Block_Sphere\Q5\Debug\link.6852-cvtres.write.1.tlog
C:\Users\Nitesh Singhal\Documents\Visual Studio 2010\Projects\Block_Sphere\Block_Sphere\Q5\Debug\link.command.1.tlog
C:\Users\Nitesh Singhal\Documents\Visual Studio 2010\Projects\Block_Sphere\Block_Sphere\Q5\Debug\link.read.1.tlog
C:\Users\Nitesh Singhal\Documents\Visual Studio 2010\Projects\Block_Sphere\Block_Sphere\Q5\Debug\link.write.1.tlog
C:\Users\Nitesh Singhal\Documents\Visual Studio 2010\Projects\Block_Sphere\Block_Sphere\Q5\Debug\link-cvtres.read.1.tlog
C:\Users\Nitesh Singhal\Documents\Visual Studio 2010\Projects\Block_Sphere\Block_Sphere\Q5\Debug\link-cvtres.write.1.tlog
C:\Users\Nitesh Singhal\Documents\Visual Studio 2010\Projects\Block_Sphere\Block_Sphere\Q5\Debug\mt.command.1.tlog
C:\Users\Nitesh Singhal\Documents\Visual Studio 2010\Projects\Block_Sphere\Block_Sphere\Q5\Debug\mt.read.1.tlog
C:\Users\Nitesh Singhal\Documents\Visual Studio 2010\Projects\Block_Sphere\Block_Sphere\Q5\Debug\mt.write.1.tlog
C:\USERS\NITESH SINGHAL\DOCUMENTS\VISUAL STUDIO 2010\PROJECTS\BLOCK_SPHERE\BLOCK_SPHERE\Q5\DEBUG\Q5.EXE.EMBED.MANIFEST
C:\USERS\NITESH SINGHAL\DOCUMENTS\VISUAL STUDIO 2010\PROJECTS\BLOCK_SPHERE\BLOCK_SPHERE\Q5\DEBUG\Q5.EXE.EMBED.MANIFEST.RES
C:\USERS\NITESH SINGHAL\DOCUMENTS\VISUAL STUDIO 2010\PROJECTS\BLOCK_SPHERE\BLOCK_SPHERE\Q5\DEBUG\Q5.EXE.INTERMEDIATE.MANIFEST
C:\USERS\NITESH SINGHAL\DOCUMENTS\VISUAL STUDIO 2010\PROJECTS\BLOCK_SPHERE\BLOCK_SPHERE\Q5\DEBUG\Q5.OBJ
C:\Users\Nitesh Singhal\Documents\Visual Studio 2010\Projects\Block_Sphere\Block_Sphere\Q5\Debug\Q5.vcxprojResolveAssemblyReference.cache
C:\Users\Nitesh Singhal\Documents\Visual Studio 2010\Projects\Block_Sphere\Block_Sphere\Q5\Debug\Q5.write.1.tlog
C:\Users\Nitesh Singhal\Documents\Visual Studio 2010\Projects\Block_Sphere\Block_Sphere\Q5\Debug\Q5_manifest.rc
C:\Users\Nitesh Singhal\Documents\Visual Studio 2010\Projects\Block_Sphere\Block_Sphere\Q5\Debug\rc.command.1.tlog
C:\Users\Nitesh Singhal\Documents\Visual Studio 2010\Projects\Block_Sphere\Block_Sphere\Q5\Debug\rc.read.1.tlog
C:\Users\Nitesh Singhal\Documents\Visual Studio 2010\Projects\Block_Sphere\Block_Sphere\Q5\Debug\rc.write.1.tlog
C:\Users\Nitesh Singhal\Documents\Visual Studio 2010\Projects\Block_Sphere\Block_Sphere\Q5\Debug\vc100.idb
C:\USERS\NITESH SINGHAL\DOCUMENTS\VISUAL STUDIO 2010\PROJECTS\BLOCK_SPHERE\BLOCK_SPHERE\Q5\DEBUG\VC100.PDB
